client:495 [vite] connecting...
client:618 [vite] connected.
chunk-WERSD76P.js?v=62330998:21551 Download the React DevTools for a better development experience: https://reactjs.org/link/react-devtools
chunk-3TFVT2CW.js?v=62330998:760 Uncaught Error: React.Children.only expected to receive a single React element child.
    at Object.onlyChild [as only] (chunk-3TFVT2CW.js?v=62330998:760:19)
    at chunk-5S42QOQO.js?v=62330998:88:66
    at renderWithHooks (chunk-WERSD76P.js?v=62330998:11548:26)
    at updateForwardRef (chunk-WERSD76P.js?v=62330998:14325:28)
    at beginWork (chunk-WERSD76P.js?v=62330998:15946:22)
    at HTMLUnknownElement.callCallback2 (chunk-WERSD76P.js?v=62330998:3674:22)
    at Object.invokeGuardedCallbackDev (chunk-WERSD76P.js?v=62330998:3699:24)
    at invokeGuardedCallback (chunk-WERSD76P.js?v=62330998:3733:39)
    at beginWork$1 (chunk-WERSD76P.js?v=62330998:19765:15)
    at performUnitOfWork (chunk-WERSD76P.js?v=62330998:19198:20)
onlyChild @ chunk-3TFVT2CW.js?v=62330998:760
(anonymous) @ chunk-5S42QOQO.js?v=62330998:88
renderWithHooks @ chunk-WERSD76P.js?v=62330998:11548
updateForwardRef @ chunk-WERSD76P.js?v=62330998:14325
beginWork @ chunk-WERSD76P.js?v=62330998:15946
callCallback2 @ chunk-WERSD76P.js?v=62330998:3674
invokeGuardedCallbackDev @ chunk-WERSD76P.js?v=62330998:3699
invokeGuardedCallback @ chunk-WERSD76P.js?v=62330998:3733
beginWork$1 @ chunk-WERSD76P.js?v=62330998:19765
performUnitOfWork @ chunk-WERSD76P.js?v=62330998:19198
workLoopSync @ chunk-WERSD76P.js?v=62330998:19137
renderRootSync @ chunk-WERSD76P.js?v=62330998:19116
performSyncWorkOnRoot @ chunk-WERSD76P.js?v=62330998:18874
flushSyncCallbacks @ chunk-WERSD76P.js?v=62330998:9119
(anonymous) @ chunk-WERSD76P.js?v=62330998:18627
chunk-3TFVT2CW.js?v=62330998:760 Uncaught Error: React.Children.only expected to receive a single React element child.
    at Object.onlyChild [as only] (chunk-3TFVT2CW.js?v=62330998:760:19)
    at chunk-5S42QOQO.js?v=62330998:88:66
    at renderWithHooks (chunk-WERSD76P.js?v=62330998:11548:26)
    at updateForwardRef (chunk-WERSD76P.js?v=62330998:14325:28)
    at beginWork (chunk-WERSD76P.js?v=62330998:15946:22)
    at HTMLUnknownElement.callCallback2 (chunk-WERSD76P.js?v=62330998:3674:22)
    at Object.invokeGuardedCallbackDev (chunk-WERSD76P.js?v=62330998:3699:24)
    at invokeGuardedCallback (chunk-WERSD76P.js?v=62330998:3733:39)
    at beginWork$1 (chunk-WERSD76P.js?v=62330998:19765:15)
    at performUnitOfWork (chunk-WERSD76P.js?v=62330998:19198:20)
onlyChild @ chunk-3TFVT2CW.js?v=62330998:760
(anonymous) @ chunk-5S42QOQO.js?v=62330998:88
renderWithHooks @ chunk-WERSD76P.js?v=62330998:11548
updateForwardRef @ chunk-WERSD76P.js?v=62330998:14325
beginWork @ chunk-WERSD76P.js?v=62330998:15946
callCallback2 @ chunk-WERSD76P.js?v=62330998:3674
invokeGuardedCallbackDev @ chunk-WERSD76P.js?v=62330998:3699
invokeGuardedCallback @ chunk-WERSD76P.js?v=62330998:3733
beginWork$1 @ chunk-WERSD76P.js?v=62330998:19765
performUnitOfWork @ chunk-WERSD76P.js?v=62330998:19198
workLoopSync @ chunk-WERSD76P.js?v=62330998:19137
renderRootSync @ chunk-WERSD76P.js?v=62330998:19116
performSyncWorkOnRoot @ chunk-WERSD76P.js?v=62330998:18874
flushSyncCallbacks @ chunk-WERSD76P.js?v=62330998:9119
(anonymous) @ chunk-WERSD76P.js?v=62330998:18627
chunk-3TFVT2CW.js?v=62330998:760 Uncaught Error: React.Children.only expected to receive a single React element child.
    at Object.onlyChild [as only] (chunk-3TFVT2CW.js?v=62330998:760:19)
    at chunk-5S42QOQO.js?v=62330998:88:66
    at renderWithHooks (chunk-WERSD76P.js?v=62330998:11548:26)
    at updateForwardRef (chunk-WERSD76P.js?v=62330998:14325:28)
    at beginWork (chunk-WERSD76P.js?v=62330998:15946:22)
    at HTMLUnknownElement.callCallback2 (chunk-WERSD76P.js?v=62330998:3674:22)
    at Object.invokeGuardedCallbackDev (chunk-WERSD76P.js?v=62330998:3699:24)
    at invokeGuardedCallback (chunk-WERSD76P.js?v=62330998:3733:39)
    at beginWork$1 (chunk-WERSD76P.js?v=62330998:19765:15)
    at performUnitOfWork (chunk-WERSD76P.js?v=62330998:19198:20)
onlyChild @ chunk-3TFVT2CW.js?v=62330998:760
(anonymous) @ chunk-5S42QOQO.js?v=62330998:88
renderWithHooks @ chunk-WERSD76P.js?v=62330998:11548
updateForwardRef @ chunk-WERSD76P.js?v=62330998:14325
beginWork @ chunk-WERSD76P.js?v=62330998:15946
callCallback2 @ chunk-WERSD76P.js?v=62330998:3674
invokeGuardedCallbackDev @ chunk-WERSD76P.js?v=62330998:3699
invokeGuardedCallback @ chunk-WERSD76P.js?v=62330998:3733
beginWork$1 @ chunk-WERSD76P.js?v=62330998:19765
performUnitOfWork @ chunk-WERSD76P.js?v=62330998:19198
workLoopSync @ chunk-WERSD76P.js?v=62330998:19137
renderRootSync @ chunk-WERSD76P.js?v=62330998:19116
performSyncWorkOnRoot @ chunk-WERSD76P.js?v=62330998:18874
flushSyncCallbacks @ chunk-WERSD76P.js?v=62330998:9119
(anonymous) @ chunk-WERSD76P.js?v=62330998:18627
chunk-3TFVT2CW.js?v=62330998:760 Uncaught Error: React.Children.only expected to receive a single React element child.
    at Object.onlyChild [as only] (chunk-3TFVT2CW.js?v=62330998:760:19)
    at chunk-5S42QOQO.js?v=62330998:88:66
    at renderWithHooks (chunk-WERSD76P.js?v=62330998:11548:26)
    at updateForwardRef (chunk-WERSD76P.js?v=62330998:14325:28)
    at beginWork (chunk-WERSD76P.js?v=62330998:15946:22)
    at HTMLUnknownElement.callCallback2 (chunk-WERSD76P.js?v=62330998:3674:22)
    at Object.invokeGuardedCallbackDev (chunk-WERSD76P.js?v=62330998:3699:24)
    at invokeGuardedCallback (chunk-WERSD76P.js?v=62330998:3733:39)
    at beginWork$1 (chunk-WERSD76P.js?v=62330998:19765:15)
    at performUnitOfWork (chunk-WERSD76P.js?v=62330998:19198:20)
onlyChild @ chunk-3TFVT2CW.js?v=62330998:760
(anonymous) @ chunk-5S42QOQO.js?v=62330998:88
renderWithHooks @ chunk-WERSD76P.js?v=62330998:11548
updateForwardRef @ chunk-WERSD76P.js?v=62330998:14325
beginWork @ chunk-WERSD76P.js?v=62330998:15946
callCallback2 @ chunk-WERSD76P.js?v=62330998:3674
invokeGuardedCallbackDev @ chunk-WERSD76P.js?v=62330998:3699
invokeGuardedCallback @ chunk-WERSD76P.js?v=62330998:3733
beginWork$1 @ chunk-WERSD76P.js?v=62330998:19765
performUnitOfWork @ chunk-WERSD76P.js?v=62330998:19198
workLoopSync @ chunk-WERSD76P.js?v=62330998:19137
renderRootSync @ chunk-WERSD76P.js?v=62330998:19116
recoverFromConcurrentError @ chunk-WERSD76P.js?v=62330998:18736
performSyncWorkOnRoot @ chunk-WERSD76P.js?v=62330998:18879
flushSyncCallbacks @ chunk-WERSD76P.js?v=62330998:9119
(anonymous) @ chunk-WERSD76P.js?v=62330998:18627
chunk-3TFVT2CW.js?v=62330998:760 Uncaught Error: React.Children.only expected to receive a single React element child.
    at Object.onlyChild [as only] (chunk-3TFVT2CW.js?v=62330998:760:19)
    at chunk-5S42QOQO.js?v=62330998:88:66
    at renderWithHooks (chunk-WERSD76P.js?v=62330998:11548:26)
    at updateForwardRef (chunk-WERSD76P.js?v=62330998:14325:28)
    at beginWork (chunk-WERSD76P.js?v=62330998:15946:22)
    at HTMLUnknownElement.callCallback2 (chunk-WERSD76P.js?v=62330998:3674:22)
    at Object.invokeGuardedCallbackDev (chunk-WERSD76P.js?v=62330998:3699:24)
    at invokeGuardedCallback (chunk-WERSD76P.js?v=62330998:3733:39)
    at beginWork$1 (chunk-WERSD76P.js?v=62330998:19765:15)
    at performUnitOfWork (chunk-WERSD76P.js?v=62330998:19198:20)
onlyChild @ chunk-3TFVT2CW.js?v=62330998:760
(anonymous) @ chunk-5S42QOQO.js?v=62330998:88
renderWithHooks @ chunk-WERSD76P.js?v=62330998:11548
updateForwardRef @ chunk-WERSD76P.js?v=62330998:14325
beginWork @ chunk-WERSD76P.js?v=62330998:15946
callCallback2 @ chunk-WERSD76P.js?v=62330998:3674
invokeGuardedCallbackDev @ chunk-WERSD76P.js?v=62330998:3699
invokeGuardedCallback @ chunk-WERSD76P.js?v=62330998:3733
beginWork$1 @ chunk-WERSD76P.js?v=62330998:19765
performUnitOfWork @ chunk-WERSD76P.js?v=62330998:19198
workLoopSync @ chunk-WERSD76P.js?v=62330998:19137
renderRootSync @ chunk-WERSD76P.js?v=62330998:19116
recoverFromConcurrentError @ chunk-WERSD76P.js?v=62330998:18736
performSyncWorkOnRoot @ chunk-WERSD76P.js?v=62330998:18879
flushSyncCallbacks @ chunk-WERSD76P.js?v=62330998:9119
(anonymous) @ chunk-WERSD76P.js?v=62330998:18627
chunk-3TFVT2CW.js?v=62330998:760 Uncaught Error: React.Children.only expected to receive a single React element child.
    at Object.onlyChild [as only] (chunk-3TFVT2CW.js?v=62330998:760:19)
    at chunk-5S42QOQO.js?v=62330998:88:66
    at renderWithHooks (chunk-WERSD76P.js?v=62330998:11548:26)
    at updateForwardRef (chunk-WERSD76P.js?v=62330998:14325:28)
    at beginWork (chunk-WERSD76P.js?v=62330998:15946:22)
    at HTMLUnknownElement.callCallback2 (chunk-WERSD76P.js?v=62330998:3674:22)
    at Object.invokeGuardedCallbackDev (chunk-WERSD76P.js?v=62330998:3699:24)
    at invokeGuardedCallback (chunk-WERSD76P.js?v=62330998:3733:39)
    at beginWork$1 (chunk-WERSD76P.js?v=62330998:19765:15)
    at performUnitOfWork (chunk-WERSD76P.js?v=62330998:19198:20)
onlyChild @ chunk-3TFVT2CW.js?v=62330998:760
(anonymous) @ chunk-5S42QOQO.js?v=62330998:88
renderWithHooks @ chunk-WERSD76P.js?v=62330998:11548
updateForwardRef @ chunk-WERSD76P.js?v=62330998:14325
beginWork @ chunk-WERSD76P.js?v=62330998:15946
callCallback2 @ chunk-WERSD76P.js?v=62330998:3674
invokeGuardedCallbackDev @ chunk-WERSD76P.js?v=62330998:3699
invokeGuardedCallback @ chunk-WERSD76P.js?v=62330998:3733
beginWork$1 @ chunk-WERSD76P.js?v=62330998:19765
performUnitOfWork @ chunk-WERSD76P.js?v=62330998:19198
workLoopSync @ chunk-WERSD76P.js?v=62330998:19137
renderRootSync @ chunk-WERSD76P.js?v=62330998:19116
recoverFromConcurrentError @ chunk-WERSD76P.js?v=62330998:18736
performSyncWorkOnRoot @ chunk-WERSD76P.js?v=62330998:18879
flushSyncCallbacks @ chunk-WERSD76P.js?v=62330998:9119
(anonymous) @ chunk-WERSD76P.js?v=62330998:18627
chunk-WERSD76P.js?v=62330998:14032 The above error occurred in the <Slot.SlotClone> component:

    at http://localhost:5000/@fs/C:/Users/sklau/Documents/DungeonScribe/node_modules/.vite/deps/chunk-5S42QOQO.js?v=62330998:79:13
    at http://localhost:5000/@fs/C:/Users/sklau/Documents/DungeonScribe/node_modules/.vite/deps/chunk-5S42QOQO.js?v=62330998:56:13
    at http://localhost:5000/src/components/ui/form.tsx:128:9
    at div
    at http://localhost:5000/src/components/ui/form.tsx:72:6
    at Controller (http://localhost:5000/@fs/C:/Users/sklau/Documents/DungeonScribe/node_modules/.vite/deps/chunk-CXJMC5RA.js?v=62330998:298:35)
    at FormField (http://localhost:5000/src/components/ui/form.tsx:33:6)
    at form
    at FormProvider (http://localhost:5000/@fs/C:/Users/sklau/Documents/DungeonScribe/node_modules/.vite/deps/chunk-CXJMC5RA.js?v=62330998:102:11)
    at div
    at http://localhost:5000/@fs/C:/Users/sklau/Documents/DungeonScribe/node_modules/.vite/deps/chunk-OHMRTRNX.js?v=62330998:42:13
    at http://localhost:5000/@fs/C:/Users/sklau/Documents/DungeonScribe/node_modules/.vite/deps/chunk-L6NBWXCL.js?v=62330998:59:7
    at http://localhost:5000/@fs/C:/Users/sklau/Documents/DungeonScribe/node_modules/.vite/deps/chunk-5S42QOQO.js?v=62330998:79:13
    at http://localhost:5000/@fs/C:/Users/sklau/Documents/DungeonScribe/node_modules/.vite/deps/chunk-5S42QOQO.js?v=62330998:56:13
    at http://localhost:5000/@fs/C:/Users/sklau/Documents/DungeonScribe/node_modules/.vite/deps/chunk-OHMRTRNX.js?v=62330998:42:13
    at http://localhost:5000/@fs/C:/Users/sklau/Documents/DungeonScribe/node_modules/.vite/deps/chunk-2NQLOI44.js?v=62330998:57:5
    at http://localhost:5000/@fs/C:/Users/sklau/Documents/DungeonScribe/node_modules/.vite/deps/chunk-NBWRDBBM.js?v=62330998:231:13
    at http://localhost:5000/@fs/C:/Users/sklau/Documents/DungeonScribe/node_modules/.vite/deps/chunk-NBWRDBBM.js?v=62330998:154:58
    at Presence (http://localhost:5000/@fs/C:/Users/sklau/Documents/DungeonScribe/node_modules/.vite/deps/chunk-KAM64SFS.js?v=62330998:24:11)
    at http://localhost:5000/@fs/C:/Users/sklau/Documents/DungeonScribe/node_modules/.vite/deps/chunk-NBWRDBBM.js?v=62330998:145:64
    at http://localhost:5000/@fs/C:/Users/sklau/Documents/DungeonScribe/node_modules/.vite/deps/chunk-5S42QOQO.js?v=62330998:79:13
    at http://localhost:5000/@fs/C:/Users/sklau/Documents/DungeonScribe/node_modules/.vite/deps/chunk-5S42QOQO.js?v=62330998:56:13
    at http://localhost:5000/@fs/C:/Users/sklau/Documents/DungeonScribe/node_modules/.vite/deps/chunk-OHMRTRNX.js?v=62330998:42:13
    at http://localhost:5000/@fs/C:/Users/sklau/Documents/DungeonScribe/node_modules/.vite/deps/chunk-L6NBWXCL.js?v=62330998:258:22
    at Presence (http://localhost:5000/@fs/C:/Users/sklau/Documents/DungeonScribe/node_modules/.vite/deps/chunk-KAM64SFS.js?v=62330998:24:11)
    at Provider (http://localhost:5000/@fs/C:/Users/sklau/Documents/DungeonScribe/node_modules/.vite/deps/chunk-VIFX6DEG.js?v=62330998:48:15)
    at DialogPortal (http://localhost:5000/@fs/C:/Users/sklau/Documents/DungeonScribe/node_modules/.vite/deps/chunk-NBWRDBBM.js?v=62330998:107:11)
    at _c3 (http://localhost:5000/src/components/ui/dialog.tsx:50:12)
    at Provider (http://localhost:5000/@fs/C:/Users/sklau/Documents/DungeonScribe/node_modules/.vite/deps/chunk-VIFX6DEG.js?v=62330998:48:15)
    at Dialog (http://localhost:5000/@fs/C:/Users/sklau/Documents/DungeonScribe/node_modules/.vite/deps/chunk-NBWRDBBM.js?v=62330998:48:5)
    at AddTimelineEventForm (http://localhost:5000/src/components/timeline/add-timeline-event-form.tsx:52:48)
    at div
    at Timeline (http://localhost:5000/src/pages/timeline.tsx:128:21)
    at Route (http://localhost:5000/@fs/C:/Users/sklau/Documents/DungeonScribe/node_modules/.vite/deps/wouter.js?v=62330998:323:16)
    at Switch (http://localhost:5000/@fs/C:/Users/sklau/Documents/DungeonScribe/node_modules/.vite/deps/wouter.js?v=62330998:379:17)
    at Router
    at main
    at div
    at Provider (http://localhost:5000/@fs/C:/Users/sklau/Documents/DungeonScribe/node_modules/.vite/deps/chunk-VIFX6DEG.js?v=62330998:48:15)
    at TooltipProvider (http://localhost:5000/@fs/C:/Users/sklau/Documents/DungeonScribe/node_modules/.vite/deps/@radix-ui_react-tooltip.js?v=62330998:59:5)
    at QueryClientProvider (http://localhost:5000/@fs/C:/Users/sklau/Documents/DungeonScribe/node_modules/.vite/deps/@tanstack_react-query.js?v=62330998:2805:3)
    at App (http://localhost:5000/src/App.tsx?v=9w0ATYoiZCu-vQef76__l:79:53)

Consider adding an error boundary to your tree to customize error handling behavior.
Visit https://reactjs.org/link/error-boundaries to learn more about error boundaries.
logCapturedError @ chunk-WERSD76P.js?v=62330998:14032
update.callback @ chunk-WERSD76P.js?v=62330998:14052
callCallback @ chunk-WERSD76P.js?v=62330998:11248
commitUpdateQueue @ chunk-WERSD76P.js?v=62330998:11265
commitLayoutEffectOnFiber @ chunk-WERSD76P.js?v=62330998:17093
commitLayoutMountEffects_complete @ chunk-WERSD76P.js?v=62330998:17980
commitLayoutEffects_begin @ chunk-WERSD76P.js?v=62330998:17969
commitLayoutEffects @ chunk-WERSD76P.js?v=62330998:17920
commitRootImpl @ chunk-WERSD76P.js?v=62330998:19353
commitRoot @ chunk-WERSD76P.js?v=62330998:19277
performSyncWorkOnRoot @ chunk-WERSD76P.js?v=62330998:18895
flushSyncCallbacks @ chunk-WERSD76P.js?v=62330998:9119
(anonymous) @ chunk-WERSD76P.js?v=62330998:18627
chunk-WERSD76P.js?v=62330998:14032 The above error occurred in the <Slot.SlotClone> component:

    at http://localhost:5000/@fs/C:/Users/sklau/Documents/DungeonScribe/node_modules/.vite/deps/chunk-5S42QOQO.js?v=62330998:79:13
    at http://localhost:5000/@fs/C:/Users/sklau/Documents/DungeonScribe/node_modules/.vite/deps/chunk-5S42QOQO.js?v=62330998:56:13
    at http://localhost:5000/src/components/ui/form.tsx:128:9
    at div
    at http://localhost:5000/src/components/ui/form.tsx:72:6
    at Controller (http://localhost:5000/@fs/C:/Users/sklau/Documents/DungeonScribe/node_modules/.vite/deps/chunk-CXJMC5RA.js?v=62330998:298:35)
    at FormField (http://localhost:5000/src/components/ui/form.tsx:33:6)
    at form
    at FormProvider (http://localhost:5000/@fs/C:/Users/sklau/Documents/DungeonScribe/node_modules/.vite/deps/chunk-CXJMC5RA.js?v=62330998:102:11)
    at div
    at http://localhost:5000/@fs/C:/Users/sklau/Documents/DungeonScribe/node_modules/.vite/deps/chunk-OHMRTRNX.js?v=62330998:42:13
    at http://localhost:5000/@fs/C:/Users/sklau/Documents/DungeonScribe/node_modules/.vite/deps/chunk-L6NBWXCL.js?v=62330998:59:7
    at http://localhost:5000/@fs/C:/Users/sklau/Documents/DungeonScribe/node_modules/.vite/deps/chunk-5S42QOQO.js?v=62330998:79:13
    at http://localhost:5000/@fs/C:/Users/sklau/Documents/DungeonScribe/node_modules/.vite/deps/chunk-5S42QOQO.js?v=62330998:56:13
    at http://localhost:5000/@fs/C:/Users/sklau/Documents/DungeonScribe/node_modules/.vite/deps/chunk-OHMRTRNX.js?v=62330998:42:13
    at http://localhost:5000/@fs/C:/Users/sklau/Documents/DungeonScribe/node_modules/.vite/deps/chunk-2NQLOI44.js?v=62330998:57:5
    at http://localhost:5000/@fs/C:/Users/sklau/Documents/DungeonScribe/node_modules/.vite/deps/chunk-NBWRDBBM.js?v=62330998:231:13
    at http://localhost:5000/@fs/C:/Users/sklau/Documents/DungeonScribe/node_modules/.vite/deps/chunk-NBWRDBBM.js?v=62330998:154:58
    at Presence (http://localhost:5000/@fs/C:/Users/sklau/Documents/DungeonScribe/node_modules/.vite/deps/chunk-KAM64SFS.js?v=62330998:24:11)
    at http://localhost:5000/@fs/C:/Users/sklau/Documents/DungeonScribe/node_modules/.vite/deps/chunk-NBWRDBBM.js?v=62330998:145:64
    at http://localhost:5000/@fs/C:/Users/sklau/Documents/DungeonScribe/node_modules/.vite/deps/chunk-5S42QOQO.js?v=62330998:79:13
    at http://localhost:5000/@fs/C:/Users/sklau/Documents/DungeonScribe/node_modules/.vite/deps/chunk-5S42QOQO.js?v=62330998:56:13
    at http://localhost:5000/@fs/C:/Users/sklau/Documents/DungeonScribe/node_modules/.vite/deps/chunk-OHMRTRNX.js?v=62330998:42:13
    at http://localhost:5000/@fs/C:/Users/sklau/Documents/DungeonScribe/node_modules/.vite/deps/chunk-L6NBWXCL.js?v=62330998:258:22
    at Presence (http://localhost:5000/@fs/C:/Users/sklau/Documents/DungeonScribe/node_modules/.vite/deps/chunk-KAM64SFS.js?v=62330998:24:11)
    at Provider (http://localhost:5000/@fs/C:/Users/sklau/Documents/DungeonScribe/node_modules/.vite/deps/chunk-VIFX6DEG.js?v=62330998:48:15)
    at DialogPortal (http://localhost:5000/@fs/C:/Users/sklau/Documents/DungeonScribe/node_modules/.vite/deps/chunk-NBWRDBBM.js?v=62330998:107:11)
    at _c3 (http://localhost:5000/src/components/ui/dialog.tsx:50:12)
    at Provider (http://localhost:5000/@fs/C:/Users/sklau/Documents/DungeonScribe/node_modules/.vite/deps/chunk-VIFX6DEG.js?v=62330998:48:15)
    at Dialog (http://localhost:5000/@fs/C:/Users/sklau/Documents/DungeonScribe/node_modules/.vite/deps/chunk-NBWRDBBM.js?v=62330998:48:5)
    at AddTimelineEventForm (http://localhost:5000/src/components/timeline/add-timeline-event-form.tsx:52:48)
    at div
    at Timeline (http://localhost:5000/src/pages/timeline.tsx:128:21)
    at Route (http://localhost:5000/@fs/C:/Users/sklau/Documents/DungeonScribe/node_modules/.vite/deps/wouter.js?v=62330998:323:16)
    at Switch (http://localhost:5000/@fs/C:/Users/sklau/Documents/DungeonScribe/node_modules/.vite/deps/wouter.js?v=62330998:379:17)
    at Router
    at main
    at div
    at Provider (http://localhost:5000/@fs/C:/Users/sklau/Documents/DungeonScribe/node_modules/.vite/deps/chunk-VIFX6DEG.js?v=62330998:48:15)
    at TooltipProvider (http://localhost:5000/@fs/C:/Users/sklau/Documents/DungeonScribe/node_modules/.vite/deps/@radix-ui_react-tooltip.js?v=62330998:59:5)
    at QueryClientProvider (http://localhost:5000/@fs/C:/Users/sklau/Documents/DungeonScribe/node_modules/.vite/deps/@tanstack_react-query.js?v=62330998:2805:3)
    at App (http://localhost:5000/src/App.tsx?v=9w0ATYoiZCu-vQef76__l:79:53)

Consider adding an error boundary to your tree to customize error handling behavior.
Visit https://reactjs.org/link/error-boundaries to learn more about error boundaries.
logCapturedError @ chunk-WERSD76P.js?v=62330998:14032
update.callback @ chunk-WERSD76P.js?v=62330998:14052
callCallback @ chunk-WERSD76P.js?v=62330998:11248
commitUpdateQueue @ chunk-WERSD76P.js?v=62330998:11265
commitLayoutEffectOnFiber @ chunk-WERSD76P.js?v=62330998:17093
commitLayoutMountEffects_complete @ chunk-WERSD76P.js?v=62330998:17980
commitLayoutEffects_begin @ chunk-WERSD76P.js?v=62330998:17969
commitLayoutEffects @ chunk-WERSD76P.js?v=62330998:17920
commitRootImpl @ chunk-WERSD76P.js?v=62330998:19353
commitRoot @ chunk-WERSD76P.js?v=62330998:19277
performSyncWorkOnRoot @ chunk-WERSD76P.js?v=62330998:18895
flushSyncCallbacks @ chunk-WERSD76P.js?v=62330998:9119
(anonymous) @ chunk-WERSD76P.js?v=62330998:18627
chunk-WERSD76P.js?v=62330998:14032 The above error occurred in the <Slot.SlotClone> component:

    at http://localhost:5000/@fs/C:/Users/sklau/Documents/DungeonScribe/node_modules/.vite/deps/chunk-5S42QOQO.js?v=62330998:79:13
    at http://localhost:5000/@fs/C:/Users/sklau/Documents/DungeonScribe/node_modules/.vite/deps/chunk-5S42QOQO.js?v=62330998:56:13
    at http://localhost:5000/src/components/ui/form.tsx:128:9
    at div
    at http://localhost:5000/src/components/ui/form.tsx:72:6
    at Controller (http://localhost:5000/@fs/C:/Users/sklau/Documents/DungeonScribe/node_modules/.vite/deps/chunk-CXJMC5RA.js?v=62330998:298:35)
    at FormField (http://localhost:5000/src/components/ui/form.tsx:33:6)
    at div
    at form
    at FormProvider (http://localhost:5000/@fs/C:/Users/sklau/Documents/DungeonScribe/node_modules/.vite/deps/chunk-CXJMC5RA.js?v=62330998:102:11)
    at div
    at http://localhost:5000/@fs/C:/Users/sklau/Documents/DungeonScribe/node_modules/.vite/deps/chunk-OHMRTRNX.js?v=62330998:42:13
    at http://localhost:5000/@fs/C:/Users/sklau/Documents/DungeonScribe/node_modules/.vite/deps/chunk-L6NBWXCL.js?v=62330998:59:7
    at http://localhost:5000/@fs/C:/Users/sklau/Documents/DungeonScribe/node_modules/.vite/deps/chunk-5S42QOQO.js?v=62330998:79:13
    at http://localhost:5000/@fs/C:/Users/sklau/Documents/DungeonScribe/node_modules/.vite/deps/chunk-5S42QOQO.js?v=62330998:56:13
    at http://localhost:5000/@fs/C:/Users/sklau/Documents/DungeonScribe/node_modules/.vite/deps/chunk-OHMRTRNX.js?v=62330998:42:13
    at http://localhost:5000/@fs/C:/Users/sklau/Documents/DungeonScribe/node_modules/.vite/deps/chunk-2NQLOI44.js?v=62330998:57:5
    at http://localhost:5000/@fs/C:/Users/sklau/Documents/DungeonScribe/node_modules/.vite/deps/chunk-NBWRDBBM.js?v=62330998:231:13
    at http://localhost:5000/@fs/C:/Users/sklau/Documents/DungeonScribe/node_modules/.vite/deps/chunk-NBWRDBBM.js?v=62330998:154:58
    at Presence (http://localhost:5000/@fs/C:/Users/sklau/Documents/DungeonScribe/node_modules/.vite/deps/chunk-KAM64SFS.js?v=62330998:24:11)
    at http://localhost:5000/@fs/C:/Users/sklau/Documents/DungeonScribe/node_modules/.vite/deps/chunk-NBWRDBBM.js?v=62330998:145:64
    at http://localhost:5000/@fs/C:/Users/sklau/Documents/DungeonScribe/node_modules/.vite/deps/chunk-5S42QOQO.js?v=62330998:79:13
    at http://localhost:5000/@fs/C:/Users/sklau/Documents/DungeonScribe/node_modules/.vite/deps/chunk-5S42QOQO.js?v=62330998:56:13
    at http://localhost:5000/@fs/C:/Users/sklau/Documents/DungeonScribe/node_modules/.vite/deps/chunk-OHMRTRNX.js?v=62330998:42:13
    at http://localhost:5000/@fs/C:/Users/sklau/Documents/DungeonScribe/node_modules/.vite/deps/chunk-L6NBWXCL.js?v=62330998:258:22
    at Presence (http://localhost:5000/@fs/C:/Users/sklau/Documents/DungeonScribe/node_modules/.vite/deps/chunk-KAM64SFS.js?v=62330998:24:11)
    at Provider (http://localhost:5000/@fs/C:/Users/sklau/Documents/DungeonScribe/node_modules/.vite/deps/chunk-VIFX6DEG.js?v=62330998:48:15)
    at DialogPortal (http://localhost:5000/@fs/C:/Users/sklau/Documents/DungeonScribe/node_modules/.vite/deps/chunk-NBWRDBBM.js?v=62330998:107:11)
    at _c3 (http://localhost:5000/src/components/ui/dialog.tsx:50:12)
    at Provider (http://localhost:5000/@fs/C:/Users/sklau/Documents/DungeonScribe/node_modules/.vite/deps/chunk-VIFX6DEG.js?v=62330998:48:15)
    at Dialog (http://localhost:5000/@fs/C:/Users/sklau/Documents/DungeonScribe/node_modules/.vite/deps/chunk-NBWRDBBM.js?v=62330998:48:5)
    at AddTimelineEventForm (http://localhost:5000/src/components/timeline/add-timeline-event-form.tsx:52:48)
    at div
    at Timeline (http://localhost:5000/src/pages/timeline.tsx:128:21)
    at Route (http://localhost:5000/@fs/C:/Users/sklau/Documents/DungeonScribe/node_modules/.vite/deps/wouter.js?v=62330998:323:16)
    at Switch (http://localhost:5000/@fs/C:/Users/sklau/Documents/DungeonScribe/node_modules/.vite/deps/wouter.js?v=62330998:379:17)
    at Router
    at main
    at div
    at Provider (http://localhost:5000/@fs/C:/Users/sklau/Documents/DungeonScribe/node_modules/.vite/deps/chunk-VIFX6DEG.js?v=62330998:48:15)
    at TooltipProvider (http://localhost:5000/@fs/C:/Users/sklau/Documents/DungeonScribe/node_modules/.vite/deps/@radix-ui_react-tooltip.js?v=62330998:59:5)
    at QueryClientProvider (http://localhost:5000/@fs/C:/Users/sklau/Documents/DungeonScribe/node_modules/.vite/deps/@tanstack_react-query.js?v=62330998:2805:3)
    at App (http://localhost:5000/src/App.tsx?v=9w0ATYoiZCu-vQef76__l:79:53)

Consider adding an error boundary to your tree to customize error handling behavior.
Visit https://reactjs.org/link/error-boundaries to learn more about error boundaries.
logCapturedError @ chunk-WERSD76P.js?v=62330998:14032
update.callback @ chunk-WERSD76P.js?v=62330998:14052
callCallback @ chunk-WERSD76P.js?v=62330998:11248
commitUpdateQueue @ chunk-WERSD76P.js?v=62330998:11265
commitLayoutEffectOnFiber @ chunk-WERSD76P.js?v=62330998:17093
commitLayoutMountEffects_complete @ chunk-WERSD76P.js?v=62330998:17980
commitLayoutEffects_begin @ chunk-WERSD76P.js?v=62330998:17969
commitLayoutEffects @ chunk-WERSD76P.js?v=62330998:17920
commitRootImpl @ chunk-WERSD76P.js?v=62330998:19353
commitRoot @ chunk-WERSD76P.js?v=62330998:19277
performSyncWorkOnRoot @ chunk-WERSD76P.js?v=62330998:18895
flushSyncCallbacks @ chunk-WERSD76P.js?v=62330998:9119
(anonymous) @ chunk-WERSD76P.js?v=62330998:18627
chunk-WERSD76P.js?v=62330998:9129 Uncaught Error: React.Children.only expected to receive a single React element child.
    at Object.onlyChild [as only] (chunk-3TFVT2CW.js?v=62330998:760:19)
    at chunk-5S42QOQO.js?v=62330998:88:66
    at renderWithHooks (chunk-WERSD76P.js?v=62330998:11548:26)
    at updateForwardRef (chunk-WERSD76P.js?v=62330998:14325:28)
    at beginWork (chunk-WERSD76P.js?v=62330998:15946:22)
    at beginWork$1 (chunk-WERSD76P.js?v=62330998:19753:22)
    at performUnitOfWork (chunk-WERSD76P.js?v=62330998:19198:20)
    at workLoopSync (chunk-WERSD76P.js?v=62330998:19137:13)
    at renderRootSync (chunk-WERSD76P.js?v=62330998:19116:15)
    at recoverFromConcurrentError (chunk-WERSD76P.js?v=62330998:18736:28)
onlyChild @ chunk-3TFVT2CW.js?v=62330998:760
(anonymous) @ chunk-5S42QOQO.js?v=62330998:88
renderWithHooks @ chunk-WERSD76P.js?v=62330998:11548
updateForwardRef @ chunk-WERSD76P.js?v=62330998:14325
beginWork @ chunk-WERSD76P.js?v=62330998:15946
beginWork$1 @ chunk-WERSD76P.js?v=62330998:19753
performUnitOfWork @ chunk-WERSD76P.js?v=62330998:19198
workLoopSync @ chunk-WERSD76P.js?v=62330998:19137
renderRootSync @ chunk-WERSD76P.js?v=62330998:19116
recoverFromConcurrentError @ chunk-WERSD76P.js?v=62330998:18736
performSyncWorkOnRoot @ chunk-WERSD76P.js?v=62330998:18879
flushSyncCallbacks @ chunk-WERSD76P.js?v=62330998:9119
(anonymous) @ chunk-WERSD76P.js?v=62330998:18627
